<?xml version="1.0" encoding="UTF-8"?>
<testsuite xmlns:xsi="http://www.w3.org/2001/XMLSchema-instance" xsi:noNamespaceSchemaLocation="https://maven.apache.org/surefire/maven-surefire-plugin/xsd/surefire-test-report.xsd" name="com.playtomic.tests.wallet.service.impl.StripeServiceTest" time="0.544" tests="2" errors="0" skipped="0" failures="0">
  <properties>
[...]
</properties>
  <testcase name="test_ok" classname="com.playtomic.tests.wallet.service.impl.StripeServiceTest" time="0.044"/>
  <testcase name="test_exception" classname="com.playtomic.tests.wallet.service.impl.StripeServiceTest" time="0.002"/>
</testsuite>